{"test_output":"Building and testing Devel-BeginLift-0.001003\ncp lib/Devel/BeginLift.pm blib/lib/Devel/BeginLift.pm\nRunning Mkbootstrap for BeginLift ()\nchmod 644 \"BeginLift.bs\"\n\"/usr/home/jkeenan/var/tad/testing/perl-5.29.0/bin/perl\" \"-Iinc\" -MExtUtils::Command::MM -e 'cp_nonempty' -- BeginLift.bs blib/arch/auto/Devel/BeginLift/BeginLift.bs 644\n\"/usr/home/jkeenan/var/tad/testing/perl-5.29.0/bin/perl\" \"-Iinc\" \"/home/jkeenan/var/tad/testing/perl-5.29.0/lib/5.29.0/ExtUtils/xsubpp\"  -typemap '/home/jkeenan/var/tad/testing/perl-5.29.0/lib/5.29.0/ExtUtils/typemap' -typemap '/home/jkeenan/var/tad/testing/perl-5.29.0/lib/site_perl/5.29.0/amd64-freebsd/B/Utils/Install/typemap'  BeginLift.xs > BeginLift.xsc\nmv BeginLift.xsc BeginLift.c\ncc -c  -I/home/jkeenan/var/tad/testing/perl-5.29.0/lib/site_perl/5.29.0/amd64-freebsd/B/Hooks/OP/Check/Install -I/home/jkeenan/var/tad/testing/perl-5.29.0/lib/site_perl/5.29.0/amd64-freebsd/B/Hooks/OP/Check/EntersubForCV/Install -I/home/jkeenan/var/tad/testing/perl-5.29.0/lib/site_perl/5.29.0/amd64-freebsd/B/Utils/Install  -DHAS_FPSETMASK -DHAS_FLOATINGPOINT_H -fno-strict-aliasing -pipe -fstack-protector-strong -I/usr/local/include -D_FORTIFY_SOURCE=2 -O2    -DVERSION=\\\"0.001003\\\"  -DXS_VERSION=\\\"0.001003\\\" -DPIC -fPIC \"-I/home/jkeenan/var/tad/testing/perl-5.29.0/lib/5.29.0/amd64-freebsd/CORE\"   BeginLift.c\nBeginLift.xs:13:9: warning: 'LINKLIST' macro redefined [-Wmacro-redefined]\n#define LINKLIST(o) ((o)->op_next ? (o)->op_next : linklist((OP*)o))\n        ^\n/home/jkeenan/var/tad/testing/perl-5.29.0/lib/5.29.0/amd64-freebsd/CORE/op.h:652:9: note: previous definition is here\n#define LINKLIST(o) ((o)->op_next ? (o)->op_next : op_linklist((OP*)o))\n        ^\nBeginLift.xs:27:16: error: no member named 'op_sibling' in 'struct op'\n      if (kid->op_sibling) {\n          ~~~  ^\nBeginLift.xs:28:33: error: no member named 'op_sibling' in 'struct op'\n   kid->op_next = LINKLIST(kid->op_sibling);\n                           ~~~  ^\nBeginLift.xs:13:23: note: expanded from macro 'LINKLIST'\n#define LINKLIST(o) ((o)->op_next ? (o)->op_next : linklist((OP*)o))\n                      ^\nBeginLift.xs:28:33: error: no member named 'op_sibling' in 'struct op'\n   kid->op_next = LINKLIST(kid->op_sibling);\n                           ~~~  ^\nBeginLift.xs:13:38: note: expanded from macro 'LINKLIST'\n#define LINKLIST(o) ((o)->op_next ? (o)->op_next : linklist((OP*)o))\n                                     ^\nBeginLift.xs:28:33: error: no member named 'op_sibling' in 'struct op'\n   kid->op_next = LINKLIST(kid->op_sibling);\n                           ~~~  ^\nBeginLift.xs:13:66: note: expanded from macro 'LINKLIST'\n#define LINKLIST(o) ((o)->op_next ? (o)->op_next : linklist((OP*)o))\n                                                                 ^\nBeginLift.xs:16:41: note: expanded from macro 'linklist'\n# define linklist(o) THX_linklist(aTHX_ o)\n                                        ^\nBeginLift.xs:29:15: error: no member named 'op_sibling' in 'struct op'\n   kid = kid->op_sibling;\n         ~~~  ^\nBeginLift.xs:64:24: error: no member named 'op_sibling' in 'struct op'\n    for ( arg = curop->op_sibling; arg->op_sibling; arg = arg->op_sibling ) {\n                ~~~~~  ^\nBeginLift.xs:64:41: error: no member named 'op_sibling' in 'struct op'\n    for ( arg = curop->op_sibling; arg->op_sibling; arg = arg->op_sibling ) {\n                                   ~~~  ^\nBeginLift.xs:64:64: error: no member named 'op_sibling' in 'struct op'\n    for ( arg = curop->op_sibling; arg->op_sibling; arg = arg->op_sibling ) {\n                                                          ~~~  ^\nBeginLift.xs:99:12: error: no member named 'op_sibling' in 'struct op'\n      new->op_sibling = NULL;\n      ~~~  ^\n1 warning and 9 errors generated.\n*** Error code 1\n\nStop.\nmake: stopped in /usr/home/jkeenan/var/tad/testing/perl-5.29.0/.cpanm/work/1530109083.8726/Devel-BeginLift-0.001003\n-> FAIL Installing Devel::BeginLift failed. See /home/jkeenan/var/tad/testing/perl-5.29.0/.cpanm/work/1530109083.8726/build.log for details. Retry with --force to force install it.\n","author":"FLORA","distname":"Devel-BeginLift-0.001003","distversion":"0.001003","grade":"FAIL","prereqs":null,"via":"App::cpanminus::reporter 0.17 (1.7043)","dist":"Devel-BeginLift"}
