{"test_output":"Building and testing ExtUtils-CChecker-0.10\nBuilding ExtUtils-CChecker\nt/00use.t ........... ok\ntest-48535-1.c:1:8: error: expected ';' after top level declarator\nint foo bar splot\n       ^\n       ;\n1 error generated.\nt/01run.t ........... ok\ntest-48553-1.c:1:8: error: expected ';' after top level declarator\nint foo bar splot\n       ^\n       ;\n1 error generated.\nt/02assert.t ........ ok\nt/03accessors.t ..... ok\nt/04module_build.t .. ok\nt/05defines_to.t .... ok\nt/99pod.t ........... ok\nAll tests successful.\nFiles=7, Tests=25,  1 wallclock secs ( 0.02 usr  0.02 sys +  0.99 cusr  0.46 csys =  1.50 CPU)\nResult: PASS\n","author":"PEVANS","distname":"ExtUtils-CChecker-0.10","grade":"PASS","distversion":"0.10","prereqs":null,"dist":"ExtUtils-CChecker","via":"App::cpanminus::reporter 0.17 (1.7043)"}
