{"distversion":"0.009","grade":"FAIL","via":"App::cpanminus::reporter 0.17 (1.7043)","dist":"Lexical-Var","prereqs":null,"distname":"Lexical-Var-0.009","test_output":"Building and testing Lexical-Var-0.009\nBuilding Lexical-Var\ncc -I/home/jkeenan/var/tad/testing/perl-5.29.0/lib/5.29.0/amd64-freebsd/CORE -DVERSION=\"0.009\" -DXS_VERSION=\"0.009\" -DPIC -fPIC -c -DHAS_FPSETMASK -DHAS_FLOATINGPOINT_H -fno-strict-aliasing -pipe -fstack-protector-strong -I/usr/local/include -D_FORTIFY_SOURCE=2 -O2 -o lib/Lexical/Var.o lib/Lexical/Var.c\nlib/Lexical/Var.xs:470:2: error: no member named 'xpadn_flags' in 'struct sv'\n        SvPAD_OUR_on(ourname);\n        ^~~~~~~~~~~~~~~~~~~~~\n/home/jkeenan/var/tad/testing/perl-5.29.0/lib/5.29.0/amd64-freebsd/CORE/pad.h:347:27: note: expanded from macro 'SvPAD_OUR_on'\n#define SvPAD_OUR_on(pn)        (PadnameFLAGS(pn) |= PADNAMEt_OUR)\n                                 ^~~~~~~~~~~~~~~~\n/home/jkeenan/var/tad/testing/perl-5.29.0/lib/5.29.0/amd64-freebsd/CORE/pad.h:319:32: note: expanded from macro 'PadnameFLAGS'\n#define PadnameFLAGS(pn)        (pn)->xpadn_flags\n                                ~~~~  ^\nlib/Lexical/Var.xs:473:2: error: no member named 'xpadn_ourstash' in 'struct sv'\n        SvOURSTASH_set(ourname, (HV*)SvREFCNT_inc((SV*)stash));\n        ^~~~~~~~~~~~~~~~~~~~~~~~~~~~~~~~~~~~~~~~~~~~~~~~~~~~~~\n/home/jkeenan/var/tad/testing/perl-5.29.0/lib/5.29.0/amd64-freebsd/CORE/pad.h:349:25: note: expanded from macro 'SvOURSTASH_set'\n#define SvOURSTASH_set          PadnameOURSTASH_set\n                                ^\n/home/jkeenan/var/tad/testing/perl-5.29.0/lib/5.29.0/amd64-freebsd/CORE/pad.h:326:36: note: expanded from macro 'PadnameOURSTASH_set'\n#define PadnameOURSTASH_set(pn,s) (PadnameOURSTASH(pn) = (s))\n                                   ^~~~~~~~~~~~~~~~~~~\n/home/jkeenan/var/tad/testing/perl-5.29.0/lib/5.29.0/amd64-freebsd/CORE/pad.h:321:35: note: expanded from macro 'PadnameOURSTASH'\n#define PadnameOURSTASH(pn)     (pn)->xpadn_ourstash\n                                ~~~~  ^\nlib/Lexical/Var.xs:474:2: error: no member named 'xpad_cop_seq' in 'union _xnvu'\n        COP_SEQ_RANGE_LOW_set(ourname, PL_cop_seqmax);\n        ^~~~~~~~~~~~~~~~~~~~~~~~~~~~~~~~~~~~~~~~~~~~~\nlib/Lexical/Var.xs:67:34: note: expanded from macro 'COP_SEQ_RANGE_LOW_set'\n        do { ((XPVNV*)SvANY(sv))->xnv_u.xpad_cop_seq.xlow = val; } while(0)\n             ~~~~~~~~~~~~~~~~~~~~~~~~~~ ^\nlib/Lexical/Var.xs:475:2: error: no member named 'xpad_cop_seq' in 'union _xnvu'\n        COP_SEQ_RANGE_HIGH_set(ourname, pad_max());\n        ^~~~~~~~~~~~~~~~~~~~~~~~~~~~~~~~~~~~~~~~~~\nlib/Lexical/Var.xs:69:34: note: expanded from macro 'COP_SEQ_RANGE_HIGH_set'\n        do { ((XPVNV*)SvANY(sv))->xnv_u.xpad_cop_seq.xhigh = val; } while(0)\n             ~~~~~~~~~~~~~~~~~~~~~~~~~~ ^\nlib/Lexical/Var.xs:477:11: warning: incompatible pointer types passing 'PADNAMELIST *' (aka 'struct padnamelist *') to parameter of type 'AV *' (aka 'struct av *') [-Wincompatible-pointer-types]\n        av_store(padname, ouroffset, ourname);\n                 ^~~~~~~\n/home/jkeenan/var/tad/testing/perl-5.29.0/lib/5.29.0/amd64-freebsd/CORE/embed.h:65:46: note: expanded from macro 'av_store'\n#define av_store(a,b,c)         Perl_av_store(aTHX_ a,b,c)\n                                                    ^\n/home/jkeenan/var/tad/testing/perl-5.29.0/lib/5.29.0/amd64-freebsd/CORE/proto.h:240:44: note: passing argument to parameter 'av' here\nPERL_CALLCONV SV**      Perl_av_store(pTHX_ AV *av, SSize_t key, SV *val);\n                                                ^\n1 warning and 4 errors generated.\nerror building lib/Lexical/Var.o from 'lib/Lexical/Var.c' at /home/jkeenan/var/tad/testing/perl-5.29.0/lib/5.29.0/ExtUtils/CBuilder/Base.pm line 185.\n-> FAIL Installing Lexical::Var failed. See /home/jkeenan/var/tad/testing/perl-5.29.0/.cpanm/work/1530109083.8726/build.log for details. Retry with --force to force install it.\n","author":"ZEFRAM"}
