{"distname":"invoker-0.34","via":"App::cpanminus::reporter 0.17 (1.7044)","prereqs":null,"distversion":"0.34","test_output":"Building and testing invoker-0.34\ncp lib/invoker.pm blib/lib/invoker.pm\nRunning Mkbootstrap for invoker ()\nchmod 644 \"invoker.bs\"\n\"/usr/home/jkeenan/var/tad/testing/perl-5.28.0/bin/perl\" \"-Iinc\" -MExtUtils::Command::MM -e 'cp_nonempty' -- invoker.bs blib/arch/auto/invoker/invoker.bs 644\n\"/usr/home/jkeenan/var/tad/testing/perl-5.28.0/bin/perl\" \"-Iinc\" \"/home/jkeenan/var/tad/testing/perl-5.28.0/lib/5.28.0/ExtUtils/xsubpp\"  -typemap '/home/jkeenan/var/tad/testing/perl-5.28.0/lib/5.28.0/ExtUtils/typemap' -typemap '/usr/home/jkeenan/var/tad/testing/perl-5.28.0/.cpanm/work/1529000533.66421/invoker-0.34/typemap'  invoker.xs > invoker.xsc\nmv invoker.xsc invoker.c\ncc -c  -I/home/jkeenan/var/tad/testing/perl-5.28.0/lib/site_perl/5.28.0/amd64-freebsd-thread-multi/B/Hooks/OP/Check/Install  -DHAS_FPSETMASK -DHAS_FLOATINGPOINT_H -fno-strict-aliasing -pipe -fstack-protector-strong -I/usr/local/include -D_FORTIFY_SOURCE=2 -O2 -pipe -fstack-protector -fno-strict-aliasing    -DVERSION=\\\"0.34\\\"  -DXS_VERSION=\\\"0.34\\\" -DPIC -fPIC \"-I/home/jkeenan/var/tad/testing/perl-5.28.0/lib/5.28.0/amd64-freebsd-thread-multi/CORE\"   invoker.c\ninvoker.xs:39:33: error: no member named 'op_sibling' in 'struct op'\n    OP *f = ((cUNOPo->op_first->op_sibling)\n              ~~~~~~~~~~~~~~~~  ^\ninvoker.xs:41:18: error: no member named 'op_sibling' in 'struct op'\n    OP *arg = f->op_sibling; // the actual first argument\n              ~  ^\ninvoker.xs:68:20: error: no member named 'op_sibling' in 'struct op'\n                f->op_sibling = self;\n                ~  ^\ninvoker.xs:69:23: error: no member named 'op_sibling' in 'struct op'\n                self->op_sibling = arg->op_sibling;\n                ~~~~  ^\ninvoker.xs:69:41: error: no member named 'op_sibling' in 'struct op'\n                self->op_sibling = arg->op_sibling;\n                                   ~~~  ^\n5 errors generated.\n*** Error code 1\n\nStop.\nmake: stopped in /usr/home/jkeenan/var/tad/testing/perl-5.28.0/.cpanm/work/1529000533.66421/invoker-0.34\n-> FAIL Installing invoker failed. See /home/jkeenan/var/tad/testing/perl-5.28.0/.cpanm/work/1529000533.66421/build.log for details. Retry with --force to force install it.\n","dist":"invoker","grade":"FAIL","author":"CLKAO"}
