{"distname":"Test-Unit-0.25","via":"App::cpanminus::reporter 0.17 (1.7044)","distversion":"0.25","prereqs":null,"dist":"Test-Unit","test_output":"Building and testing Test-Unit-0.25\ncp lib/Test/Unit/Exception.pm blib/lib/Test/Unit/Exception.pm\ncp lib/Test/Unit/Listener.pm blib/lib/Test/Unit/Listener.pm\ncp lib/Test/Unit/Error.pm blib/lib/Test/Unit/Error.pm\ncp lib/Test/Unit/Debug.pm blib/lib/Test/Unit/Debug.pm\ncp lib/Test/Unit/Runner.pm blib/lib/Test/Unit/Runner.pm\ncp lib/Test/Unit/UnitHarness.pm blib/lib/Test/Unit/UnitHarness.pm\ncp lib/Test/Unit/Assert.pm blib/lib/Test/Unit/Assert.pm\ncp lib/Test/Unit/TestSuite.pm blib/lib/Test/Unit/TestSuite.pm\ncp lib/Test/Unit/HarnessUnit.pm blib/lib/Test/Unit/HarnessUnit.pm\ncp lib/Test/Unit.pm blib/lib/Test/Unit.pm\ncp lib/Test/Unit/Assertion.pm blib/lib/Test/Unit/Assertion.pm\ncp TestLister.pl blib/lib/Test/TestLister.pl\ncp lib/Test/Unit/Tutorial.pm blib/lib/Test/Unit/Tutorial.pm\ncp lib/Test/Unit/Procedural.pm blib/lib/Test/Unit/Procedural.pm\ncp TestRunner.pl blib/lib/Test/TestRunner.pl\ncp lib/Test/Unit/Assertion/Boolean.pm blib/lib/Test/Unit/Assertion/Boolean.pm\ncp lib/Test/Unit/TkTestRunner.pm blib/lib/Test/Unit/TkTestRunner.pm\ncp lib/Test/Unit/Setup.pm blib/lib/Test/Unit/Setup.pm\ncp TkTestRunner.pl blib/lib/Test/TkTestRunner.pl\ncp lib/Test/Unit/TestCase.pm blib/lib/Test/Unit/TestCase.pm\ncp lib/Test/Unit/Decorator.pm blib/lib/Test/Unit/Decorator.pm\ncp lib/Test/Unit/Assertion/CodeRef.pm blib/lib/Test/Unit/Assertion/CodeRef.pm\ncp lib/Test/Unit/Loader.pm blib/lib/Test/Unit/Loader.pm\ncp lib/Test/Unit/Result.pm blib/lib/Test/Unit/Result.pm\ncp lib/Test/Unit/Warning.pm blib/lib/Test/Unit/Warning.pm\ncp lib/Test/Unit/Test.pm blib/lib/Test/Unit/Test.pm\ncp lib/Test/Unit/Assertion/Regexp.pm blib/lib/Test/Unit/Assertion/Regexp.pm\ncp lib/Test/Unit/TestRunner.pm blib/lib/Test/Unit/TestRunner.pm\ncp lib/Test/Unit/Failure.pm blib/lib/Test/Unit/Failure.pm\ncp lib/Test/Unit/Assertion/Exception.pm blib/lib/Test/Unit/Assertion/Exception.pm\ncp lib/Test/Unit/Runner/Terminal.pm blib/lib/Test/Unit/Runner/Terminal.pm\nPERL_DL_NONLAZY=1 \"/usr/home/jkeenan/var/tad/testing/perl-5.28.0/bin/perl\" \"-MExtUtils::Command::MM\" \"-MTest::Harness\" \"-e\" \"undef *Test::Harness::Switches; test_harness(0, 'blib/lib', 'blib/arch')\" t/*.t\nCan't use 'defined(@array)' (Maybe you should just omit the defined()?) at /usr/home/jkeenan/var/tad/testing/perl-5.28.0/.cpanm/work/1529000533.66421/Test-Unit-0.25/blib/lib/Test/Unit/TestCase.pm line 106.\nCompilation failed in require at /usr/home/jkeenan/var/tad/testing/perl-5.28.0/.cpanm/work/1529000533.66421/Test-Unit-0.25/blib/lib/Test/Unit/TestSuite.pm line 15.\nBEGIN failed--compilation aborted at /usr/home/jkeenan/var/tad/testing/perl-5.28.0/.cpanm/work/1529000533.66421/Test-Unit-0.25/blib/lib/Test/Unit/TestSuite.pm line 15.\nCompilation failed in require at /usr/home/jkeenan/var/tad/testing/perl-5.28.0/.cpanm/work/1529000533.66421/Test-Unit-0.25/blib/lib/Test/Unit/Loader.pm line 7.\nBEGIN failed--compilation aborted at /usr/home/jkeenan/var/tad/testing/perl-5.28.0/.cpanm/work/1529000533.66421/Test-Unit-0.25/blib/lib/Test/Unit/Loader.pm line 7.\nCompilation failed in require at /usr/home/jkeenan/var/tad/testing/perl-5.28.0/.cpanm/work/1529000533.66421/Test-Unit-0.25/blib/lib/Test/Unit/Listener.pm line 2.\nBEGIN failed--compilation aborted at /usr/home/jkeenan/var/tad/testing/perl-5.28.0/.cpanm/work/1529000533.66421/Test-Unit-0.25/blib/lib/Test/Unit/Listener.pm line 2.\nCompilation failed in require at /home/jkeenan/var/tad/testing/perl-5.28.0/lib/5.28.0/base.pm line 137.\n\t...propagated at /home/jkeenan/var/tad/testing/perl-5.28.0/lib/5.28.0/base.pm line 159.\nBEGIN failed--compilation aborted at /usr/home/jkeenan/var/tad/testing/perl-5.28.0/.cpanm/work/1529000533.66421/Test-Unit-0.25/blib/lib/Test/Unit/Runner.pm line 25.\nCompilation failed in require at /home/jkeenan/var/tad/testing/perl-5.28.0/lib/5.28.0/base.pm line 137.\n\t...propagated at /home/jkeenan/var/tad/testing/perl-5.28.0/lib/5.28.0/base.pm line 159.\nBEGIN failed--compilation aborted at /usr/home/jkeenan/var/tad/testing/perl-5.28.0/.cpanm/work/1529000533.66421/Test-Unit-0.25/blib/lib/Test/Unit/HarnessUnit.pm line 6.\nCompilation failed in require at t/all_tests.t line 6.\nBEGIN failed--compilation aborted at t/all_tests.t line 6.\nt/all_tests.t ..... \nDubious, test returned 255 (wstat 65280, 0xff00)\nNo subtests run \nCan't use 'defined(@array)' (Maybe you should just omit the defined()?) at /usr/home/jkeenan/var/tad/testing/perl-5.28.0/.cpanm/work/1529000533.66421/Test-Unit-0.25/blib/lib/Test/Unit/TestCase.pm line 106.\nCompilation failed in require at /usr/home/jkeenan/var/tad/testing/perl-5.28.0/.cpanm/work/1529000533.66421/Test-Unit-0.25/blib/lib/Test/Unit/TestSuite.pm line 15.\nBEGIN failed--compilation aborted at /usr/home/jkeenan/var/tad/testing/perl-5.28.0/.cpanm/work/1529000533.66421/Test-Unit-0.25/blib/lib/Test/Unit/TestSuite.pm line 15.\nCompilation failed in require at /usr/home/jkeenan/var/tad/testing/perl-5.28.0/.cpanm/work/1529000533.66421/Test-Unit-0.25/blib/lib/Test/Unit/Loader.pm line 7.\nBEGIN failed--compilation aborted at /usr/home/jkeenan/var/tad/testing/perl-5.28.0/.cpanm/work/1529000533.66421/Test-Unit-0.25/blib/lib/Test/Unit/Loader.pm line 7.\nCompilation failed in require at /usr/home/jkeenan/var/tad/testing/perl-5.28.0/.cpanm/work/1529000533.66421/Test-Unit-0.25/blib/lib/Test/Unit/Listener.pm line 2.\nBEGIN failed--compilation aborted at /usr/home/jkeenan/var/tad/testing/perl-5.28.0/.cpanm/work/1529000533.66421/Test-Unit-0.25/blib/lib/Test/Unit/Listener.pm line 2.\nCompilation failed in require at /home/jkeenan/var/tad/testing/perl-5.28.0/lib/5.28.0/base.pm line 137.\n\t...propagated at /home/jkeenan/var/tad/testing/perl-5.28.0/lib/5.28.0/base.pm line 159.\nBEGIN failed--compilation aborted at /usr/home/jkeenan/var/tad/testing/perl-5.28.0/.cpanm/work/1529000533.66421/Test-Unit-0.25/blib/lib/Test/Unit/Runner.pm line 25.\nCompilation failed in require at /home/jkeenan/var/tad/testing/perl-5.28.0/lib/5.28.0/base.pm line 137.\n\t...propagated at /home/jkeenan/var/tad/testing/perl-5.28.0/lib/5.28.0/base.pm line 159.\nBEGIN failed--compilation aborted at /usr/home/jkeenan/var/tad/testing/perl-5.28.0/.cpanm/work/1529000533.66421/Test-Unit-0.25/blib/lib/Test/Unit/HarnessUnit.pm line 6.\nCompilation failed in require at t/assert.t line 5.\nBEGIN failed--compilation aborted at t/assert.t line 5.\nt/assert.t ........ \nDubious, test returned 255 (wstat 65280, 0xff00)\nNo subtests run \n# Test 1 got: \"Can't use 'defined(@array)' (Maybe you should just omit the defined()?) at /usr/home/jkeenan/var/tad/testing/perl-5.28.0/.cpanm/work/1529000533.66421/Test-Unit-0.25/blib/lib/Test/Unit/TestCase.pm line 106.\\n# Compilation failed in require at /usr/home/jkeenan/var/tad/testing/perl-5.28.0/.cpanm/work/1529000533.66421/Test-Unit-0.25/blib/lib/Test/Unit/TestSuite.pm line 15.\\n# BEGIN failed--compilation aborted at /usr/home/jkeenan/var/tad/testing/perl-5.28.0/.cpanm/work/1529000533.66421/Test-Unit-0.25/blib/lib/Test/Unit/TestSuite.pm line 15.\\n# Compilation failed in require at /usr/home/jkeenan/var/tad/testing/perl-5.28.0/.cpanm/work/1529000533.66421/Test-Unit-0.25/blib/lib/Test/Unit/Loader.pm line 7.\\n# BEGIN failed--compilation aborted at /usr/home/jkeenan/var/tad/testing/perl-5.28.0/.cpanm/work/1529000533.66421/Test-Unit-0.25/blib/lib/Test/Unit/Loader.pm line 7.\\n# Compilation failed in require at /usr/home/jkeenan/var/tad/testing/perl-5.28.0/.cpanm/work/1529000533.66421/Test-Unit-0.25/blib/lib/Test/Unit/Listener.pm line 2.\\n# BEGIN failed--compilation aborted at /usr/home/jkeenan/var/tad/testing/perl-5.28.0/.cpanm/work/1529000533.66421/Test-Unit-0.25/blib/lib/Test/Unit/Listener.pm line 2.\\n# Compilation failed in require at /home/jkeenan/var/tad/testing/perl-5.28.0/lib/5.28.0/base.pm line 137.\\n# \\t...propagated at /home/jkeenan/var/tad/testing/perl-5.28.0/lib/5.28.0/base.pm line 159.\\n# BEGIN failed--compilation aborted at /usr/home/jkeenan/var/tad/testing/perl-5.28.0/.cpanm/work/1529000533.66421/Test-Unit-0.25/blib/lib/Test/Unit/Runner.pm line 25.\\n# Compilation failed in require at /home/jkeenan/var/tad/testing/perl-5.28.0/lib/5.28.0/base.pm line 137.\\n# \\t...propagated at /home/jkeenan/var/tad/testing/perl-5.28.0/lib/5.28.0/base.pm line 159.\\n# BEGIN failed--compilation aborted at /usr/home/jkeenan/var/tad/testing/perl-5.28.0/.cpanm/work/1529000533.66421/Test-Unit-0.25/blib/lib/Test/Unit/TestRunner.pm line 4.\\n# Compilation failed in require at ./TestRunner.pl line 6.\\n# BEGIN failed--compilation aborted at ./TestRunner.pl line 6.\\n# \" (t/try_examples.t at line 106)\n#   Expected: \"Suite setup\\n# TEST-RUN-SUMMARY\\n# \\n# TIME-SUMMARY\\n# \\n# !!!FAILURES!!!\\n# Test Results:\\n# Run: 2, Failures: 1, Errors: 0\\n# \\n# There was 1 failure:\\n# 1) examples/fail_example.pm:19 - test_fail(fail_example)\\n# Born to lose ...\\n# \\n# Test was not successful.\\n# \"\n#   Lines 1-14 are changed:\n#    - \"Suite setup\\n\"\n#    + \"Can't use 'defined(@array)' (Maybe you should just omit the defined()?) at /usr/home/jkeenan/var/tad/testing/perl-5.28.0/.cpanm/work/1529000533.66421/Test-Unit-0.25/blib/lib/Test/Unit/TestCase.pm line 106.\\n\"\n#    - \"# TEST-RUN-SUMMARY\\n\"\n#    + \"# Compilation failed in require at /usr/home/jkeenan/var/tad/testing/perl-5.28.0/.cpanm/work/1529000533.66421/Test-Unit-0.25/blib/lib/Test/Unit/TestSuite.pm line 15.\\n\"\n#    - \"# \\n\"\n#    + \"# BEGIN failed--compilation aborted at /usr/home/jkeenan/var/tad/testing/perl-5.28.0/.cpanm/work/1529000533.66421/Test-Unit-0.25/blib/lib/Test/Unit/TestSuite.pm line 15.\\n\"\n#    - \"# TIME-SUMMARY\\n\"\n#    + \"# Compilation failed in require at /usr/home/jkeenan/var/tad/testing/perl-5.28.0/.cpanm/work/1529000533.66421/Test-Unit-0.25/blib/lib/Test/Unit/Loader.pm line 7.\\n\"\n#    - \"# \\n\"\n#    + \"# BEGIN failed--compilation aborted at /usr/home/jkeenan/var/tad/testing/perl-5.28.0/.cpanm/work/1529000533.66421/Test-Unit-0.25/blib/lib/Test/Unit/Loader.pm line 7.\\n\"\n#    - \"# !!!FAILURES!!!\\n\"\n#    + \"# Compilation failed in require at /usr/home/jkeenan/var/tad/testing/perl-5.28.0/.cpanm/work/1529000533.66421/Test-Unit-0.25/blib/lib/Test/Unit/Listener.pm line 2.\\n\"\n#    - \"# Test Results:\\n\"\n#    + \"# BEGIN failed--compilation aborted at /usr/home/jkeenan/var/tad/testing/perl-5.28.0/.cpanm/work/1529000533.66421/Test-Unit-0.25/blib/lib/Test/Unit/Listener.pm line 2.\\n\"\n#    - \"# Run: 2, Failures: 1, Errors: 0\\n\"\n#    + \"# Compilation failed in require at /home/jkeenan/var/tad/testing/perl-5.28.0/lib/5.28.0/base.pm line 137.\\n\"\n#    - \"# \\n\"\n#    + \"# \\t...propagated at /home/jkeenan/var/tad/testing/perl-5.28.0/lib/5.28.0/base.pm line 159.\\n\"\n#    - \"# There was 1 failure:\\n\"\n#    + \"# BEGIN failed--compilation aborted at /usr/home/jkeenan/var/tad/testing/perl-5.28.0/.cpanm/work/1529000533.66421/Test-Unit-0.25/blib/lib/Test/Unit/Runner.pm line 25.\\n\"\n#    - \"# 1) examples/fail_example.pm:19 - test_fail(fail_example)\\n\"\n#    + \"# Compilation failed in require at /home/jkeenan/var/tad/testing/perl-5.28.0/lib/5.28.0/base.pm line 137.\\n\"\n#    - \"# Born to lose ...\\n\"\n#    + \"# \\t...propagated at /home/jkeenan/var/tad/testing/perl-5.28.0/lib/5.28.0/base.pm line 159.\\n\"\n#    - \"# \\n\"\n#    + \"# BEGIN failed--compilation aborted at /usr/home/jkeenan/var/tad/testing/perl-5.28.0/.cpanm/work/1529000533.66421/Test-Unit-0.25/blib/lib/Test/Unit/TestRunner.pm line 4.\\n\"\n#    - \"# Test was not successful.\\n\"\n#    + \"# Compilation failed in require at ./TestRunner.pl line 6.\\n\"\n#   Got 1 extra line at line 15:\n#    + \"# BEGIN failed--compilation aborted at ./TestRunner.pl line 6.\\n\"\n#  t/try_examples.t line 106 is: \tok($out, $guru_checked{$e});\n# Test 2 got: \"Can't use 'defined(@array)' (Maybe you should just omit the defined()?) at /usr/home/jkeenan/var/tad/testing/perl-5.28.0/.cpanm/work/1529000533.66421/Test-Unit-0.25/blib/lib/Test/Unit/TestCase.pm line 106.\\n# Compilation failed in require at /usr/home/jkeenan/var/tad/testing/perl-5.28.0/.cpanm/work/1529000533.66421/Test-Unit-0.25/blib/lib/Test/Unit/TestSuite.pm line 15.\\n# BEGIN failed--compilation aborted at /usr/home/jkeenan/var/tad/testing/perl-5.28.0/.cpanm/work/1529000533.66421/Test-Unit-0.25/blib/lib/Test/Unit/TestSuite.pm line 15.\\n# Compilation failed in require at /usr/home/jkeenan/var/tad/testing/perl-5.28.0/.cpanm/work/1529000533.66421/Test-Unit-0.25/blib/lib/Test/Unit/Procedural.pm line 5.\\n# BEGIN failed--compilation aborted at /usr/home/jkeenan/var/tad/testing/perl-5.28.0/.cpanm/work/1529000533.66421/Test-Unit-0.25/blib/lib/Test/Unit/Procedural.pm line 5.\\n# Compilation failed in require at examples/patch100132 line 6.\\n# BEGIN failed--compilation aborted at examples/patch100132 line 6.\\n# \" (t/try_examples.t at line 106 fail #2)\n#   Expected: \"...\\n# TIME-SUMMARY\\n# \\n# OK (3 tests)\\n# \"\n#   Lines 1-4 are changed:\n#    - \"...\\n\"\n#    + \"Can't use 'defined(@array)' (Maybe you should just omit the defined()?) at /usr/home/jkeenan/var/tad/testing/perl-5.28.0/.cpanm/work/1529000533.66421/Test-Unit-0.25/blib/lib/Test/Unit/TestCase.pm line 106.\\n\"\n#    - \"# TIME-SUMMARY\\n\"\n#    + \"# Compilation failed in require at /usr/home/jkeenan/var/tad/testing/perl-5.28.0/.cpanm/work/1529000533.66421/Test-Unit-0.25/blib/lib/Test/Unit/TestSuite.pm line 15.\\n\"\n#    - \"# \\n\"\n#    + \"# BEGIN failed--compilation aborted at /usr/home/jkeenan/var/tad/testing/perl-5.28.0/.cpanm/work/1529000533.66421/Test-Unit-0.25/blib/lib/Test/Unit/TestSuite.pm line 15.\\n\"\n#    - \"# OK (3 tests)\\n\"\n#    + \"# Compilation failed in require at /usr/home/jkeenan/var/tad/testing/perl-5.28.0/.cpanm/work/1529000533.66421/Test-Unit-0.25/blib/lib/Test/Unit/Procedural.pm line 5.\\n\"\n#   Got 3 extra lines at line 5:\n#    + \"# BEGIN failed--compilation aborted at /usr/home/jkeenan/var/tad/testing/perl-5.28.0/.cpanm/work/1529000533.66421/Test-Unit-0.25/blib/lib/Test/Unit/Procedural.pm line 5.\\n\"\n#    + \"# Compilation failed in require at examples/patch100132 line 6.\\n\"\n#    + \"# BEGIN failed--compilation aborted at examples/patch100132 line 6.\\n\"\n# Test 3 got: \"Can't use 'defined(@array)' (Maybe you should just omit the defined()?) at /usr/home/jkeenan/var/tad/testing/perl-5.28.0/.cpanm/work/1529000533.66421/Test-Unit-0.25/blib/lib/Test/Unit/TestCase.pm line 106.\\n# Compilation failed in require at /usr/home/jkeenan/var/tad/testing/perl-5.28.0/.cpanm/work/1529000533.66421/Test-Unit-0.25/blib/lib/Test/Unit/TestSuite.pm line 15.\\n# BEGIN failed--compilation aborted at /usr/home/jkeenan/var/tad/testing/perl-5.28.0/.cpanm/work/1529000533.66421/Test-Unit-0.25/blib/lib/Test/Unit/TestSuite.pm line 15.\\n# Compilation failed in require at /usr/home/jkeenan/var/tad/testing/perl-5.28.0/.cpanm/work/1529000533.66421/Test-Unit-0.25/blib/lib/Test/Unit/Procedural.pm line 5.\\n# BEGIN failed--compilation aborted at /usr/home/jkeenan/var/tad/testing/perl-5.28.0/.cpanm/work/1529000533.66421/Test-Unit-0.25/blib/lib/Test/Unit/Procedural.pm line 5.\\n# Compilation failed in require at examples/patch100132-1 line 6.\\n# BEGIN failed--compilation aborted at examples/patch100132-1 line 6.\\n# \" (t/try_examples.t at line 106 fail #3)\n#   Expected: \"...\\n# TIME-SUMMARY\\n# \\n# OK (3 tests)\\n# \"\n#   Lines 1-4 are changed:\n#    - \"...\\n\"\n#    + \"Can't use 'defined(@array)' (Maybe you should just omit the defined()?) at /usr/home/jkeenan/var/tad/testing/perl-5.28.0/.cpanm/work/1529000533.66421/Test-Unit-0.25/blib/lib/Test/Unit/TestCase.pm line 106.\\n\"\n#    - \"# TIME-SUMMARY\\n\"\n#    + \"# Compilation failed in require at /usr/home/jkeenan/var/tad/testing/perl-5.28.0/.cpanm/work/1529000533.66421/Test-Unit-0.25/blib/lib/Test/Unit/TestSuite.pm line 15.\\n\"\n#    - \"# \\n\"\n#    + \"# BEGIN failed--compilation aborted at /usr/home/jkeenan/var/tad/testing/perl-5.28.0/.cpanm/work/1529000533.66421/Test-Unit-0.25/blib/lib/Test/Unit/TestSuite.pm line 15.\\n\"\n#    - \"# OK (3 tests)\\n\"\n#    + \"# Compilation failed in require at /usr/home/jkeenan/var/tad/testing/perl-5.28.0/.cpanm/work/1529000533.66421/Test-Unit-0.25/blib/lib/Test/Unit/Procedural.pm line 5.\\n\"\n#   Got 3 extra lines at line 5:\n#    + \"# BEGIN failed--compilation aborted at /usr/home/jkeenan/var/tad/testing/perl-5.28.0/.cpanm/work/1529000533.66421/Test-Unit-0.25/blib/lib/Test/Unit/Procedural.pm line 5.\\n\"\n#    + \"# Compilation failed in require at examples/patch100132-1 line 6.\\n\"\n#    + \"# BEGIN failed--compilation aborted at examples/patch100132-1 line 6.\\n\"\n# Test 4 got: \"Can't use 'defined(@array)' (Maybe you should just omit the defined()?) at /usr/home/jkeenan/var/tad/testing/perl-5.28.0/.cpanm/work/1529000533.66421/Test-Unit-0.25/blib/lib/Test/Unit/TestCase.pm line 106.\\n# Compilation failed in require at /usr/home/jkeenan/var/tad/testing/perl-5.28.0/.cpanm/work/1529000533.66421/Test-Unit-0.25/blib/lib/Test/Unit/TestSuite.pm line 15.\\n# BEGIN failed--compilation aborted at /usr/home/jkeenan/var/tad/testing/perl-5.28.0/.cpanm/work/1529000533.66421/Test-Unit-0.25/blib/lib/Test/Unit/TestSuite.pm line 15.\\n# Compilation failed in require at /usr/home/jkeenan/var/tad/testing/perl-5.28.0/.cpanm/work/1529000533.66421/Test-Unit-0.25/blib/lib/Test/Unit/Procedural.pm line 5.\\n# BEGIN failed--compilation aborted at /usr/home/jkeenan/var/tad/testing/perl-5.28.0/.cpanm/work/1529000533.66421/Test-Unit-0.25/blib/lib/Test/Unit/Procedural.pm line 5.\\n# Compilation failed in require at examples/patch100132-2 line 6.\\n# BEGIN failed--compilation aborted at examples/patch100132-2 line 6.\\n# \" (t/try_examples.t at line 106 fail #4)\n#   Expected: \"...\\n# TIME-SUMMARY\\n# \\n# OK (3 tests)\\n# \"\n#   Lines 1-4 are changed:\n#    - \"...\\n\"\n#    + \"Can't use 'defined(@array)' (Maybe you should just omit the defined()?) at /usr/home/jkeenan/var/tad/testing/perl-5.28.0/.cpanm/work/1529000533.66421/Test-Unit-0.25/blib/lib/Test/Unit/TestCase.pm line 106.\\n\"\n#    - \"# TIME-SUMMARY\\n\"\n#    + \"# Compilation failed in require at /usr/home/jkeenan/var/tad/testing/perl-5.28.0/.cpanm/work/1529000533.66421/Test-Unit-0.25/blib/lib/Test/Unit/TestSuite.pm line 15.\\n\"\n#    - \"# \\n\"\n#    + \"# BEGIN failed--compilation aborted at /usr/home/jkeenan/var/tad/testing/perl-5.28.0/.cpanm/work/1529000533.66421/Test-Unit-0.25/blib/lib/Test/Unit/TestSuite.pm line 15.\\n\"\n#    - \"# OK (3 tests)\\n\"\n#    + \"# Compilation failed in require at /usr/home/jkeenan/var/tad/testing/perl-5.28.0/.cpanm/work/1529000533.66421/Test-Unit-0.25/blib/lib/Test/Unit/Procedural.pm line 5.\\n\"\n#   Got 3 extra lines at line 5:\n#    + \"# BEGIN failed--compilation aborted at /usr/home/jkeenan/var/tad/testing/perl-5.28.0/.cpanm/work/1529000533.66421/Test-Unit-0.25/blib/lib/Test/Unit/Procedural.pm line 5.\\n\"\n#    + \"# Compilation failed in require at examples/patch100132-2 line 6.\\n\"\n#    + \"# BEGIN failed--compilation aborted at examples/patch100132-2 line 6.\\n\"\nt/try_examples.t .. \nFailed 4/4 subtests \n\nTest Summary Report\n-------------------\nt/all_tests.t   (Wstat: 65280 Tests: 0 Failed: 0)\n  Non-zero exit status: 255\n  Parse errors: No plan found in TAP output\nt/assert.t      (Wstat: 65280 Tests: 0 Failed: 0)\n  Non-zero exit status: 255\n  Parse errors: No plan found in TAP output\nt/try_examples.t (Wstat: 0 Tests: 4 Failed: 4)\n  Failed tests:  1-4\nFiles=3, Tests=4,  0 wallclock secs ( 0.02 usr  0.02 sys +  0.21 cusr  0.06 csys =  0.31 CPU)\nResult: FAIL\n","author":"MCAST","grade":"FAIL"}
