{"prereqs":null,"distversion":"0.55","test_output":"Building and testing BerkeleyDB-0.55\ncp BerkeleyDB/Btree.pm blib/lib/BerkeleyDB/Btree.pm\ncp BerkeleyDB.pm blib/lib/BerkeleyDB.pm\ncp BerkeleyDB.pod blib/lib/BerkeleyDB.pod\ncp BerkeleyDB/Hash.pm blib/lib/BerkeleyDB/Hash.pm\ncp scan.pl blib/lib/scan.pl\ncp mkconsts.pl blib/lib/mkconsts.pl\nRunning Mkbootstrap for BerkeleyDB ()\nchmod 644 \"BerkeleyDB.bs\"\n\"/usr/home/jkeenan/var/tad/testing/perl-5.28.0/bin/perl\" -MExtUtils::Command::MM -e 'cp_nonempty' -- BerkeleyDB.bs blib/arch/auto/BerkeleyDB/BerkeleyDB.bs 644\n\"/usr/home/jkeenan/var/tad/testing/perl-5.28.0/bin/perl\" \"/home/jkeenan/var/tad/testing/perl-5.28.0/lib/5.28.0/ExtUtils/xsubpp\" -noprototypes -typemap '/home/jkeenan/var/tad/testing/perl-5.28.0/lib/5.28.0/ExtUtils/typemap' -typemap '/usr/home/jkeenan/var/tad/testing/perl-5.28.0/.cpanm/work/1529000533.66421/BerkeleyDB-0.55/typemap'  BerkeleyDB.xs > BerkeleyDB.xsc\nWarning: Found a 'CODE' section which seems to be using 'RETVAL' but no 'OUTPUT' section. in BerkeleyDB.xs, line 5856\nWarning: Found a 'CODE' section which seems to be using 'RETVAL' but no 'OUTPUT' section. in BerkeleyDB.xs, line 5884\nmv BerkeleyDB.xsc BerkeleyDB.c\ncc -c  -I/usr/local/BerkeleyDB/include  -DHAS_FPSETMASK -DHAS_FLOATINGPOINT_H -fno-strict-aliasing -pipe -fstack-protector-strong -I/usr/local/include -D_FORTIFY_SOURCE=2 -O2 -pipe -fstack-protector -fno-strict-aliasing    -DVERSION=\\\"0.55\\\"  -DXS_VERSION=\\\"0.55\\\" -DPIC -fPIC \"-I/home/jkeenan/var/tad/testing/perl-5.28.0/lib/5.28.0/amd64-freebsd-thread-multi/CORE\"   BerkeleyDB.c\nBerkeleyDB.xs:82:2: error: db.h is from Berkeley DB 1.x - need at least Berkeley DB 2.6.4\n#error db.h is from Berkeley DB 1.x - need at least Berkeley DB 2.6.4\n ^\nBerkeleyDB.xs:266:2: error: unknown type name 'DB_ENV'\n        DB_ENV *        Env ;\n        ^\nBerkeleyDB.xs:301:9: error: unknown type name 'DB_INFO'\n        DB_INFO *       info ;\n        ^\nBerkeleyDB.xs:302:9: error: unknown type name 'DBC'\n        DBC *           cursor ;\n        ^\nBerkeleyDB.xs:303:2: error: type name requires a specifier or qualifier\n        DB_TXN *        txn ;\n        ^\n/usr/include/db.h:89:17: note: expanded from macro 'DB_TXN'\n#define DB_TXN          0x80000000      /* Do transactions. */\n                        ^\nBerkeleyDB.xs:303:2: error: expected member name or ';' after declaration specifiers\n/usr/include/db.h:89:17: note: expanded from macro 'DB_TXN'\n#define DB_TXN          0x80000000      /* Do transactions. */\n                        ^\nBerkeleyDB.xs:302:26: error: expected ';' at end of declaration list\n        DBC *           cursor ;\n                                ^\n                                ;\nBerkeleyDB.xs:344:9: error: unknown type name 'DB_INFO'\n        DB_INFO *       info ;\n        ^\nBerkeleyDB.xs:345:9: error: unknown type name 'DBC'\n        DBC *           cursor ;\n        ^\nBerkeleyDB.xs:346:2: error: type name requires a specifier or qualifier\n        DB_TXN *        txn ;\n        ^\n/usr/include/db.h:89:17: note: expanded from macro 'DB_TXN'\n#define DB_TXN          0x80000000      /* Do transactions. */\n                        ^\nBerkeleyDB.xs:346:2: error: expected member name or ';' after declaration specifiers\n/usr/include/db.h:89:17: note: expanded from macro 'DB_TXN'\n#define DB_TXN          0x80000000      /* Do transactions. */\n                        ^\nBerkeleyDB.xs:345:26: error: expected ';' at end of declaration list\n        DBC *           cursor ;\n                                ^\n                                ;\nBerkeleyDB.xs:390:2: error: type name requires a specifier or qualifier\n        DB_TXN *        txn ;\n        ^\n/usr/include/db.h:89:17: note: expanded from macro 'DB_TXN'\n#define DB_TXN          0x80000000      /* Do transactions. */\n                        ^\nBerkeleyDB.xs:390:2: error: expected member name or ';' after declaration specifiers\n/usr/include/db.h:89:17: note: expanded from macro 'DB_TXN'\n#define DB_TXN          0x80000000      /* Do transactions. */\n                        ^\nBerkeleyDB.xs:389:15: error: expected ';' at end of declaration list\n        int             Status ;\n                                ^\n                                ;\nBerkeleyDB.xs:732:5: error: unknown type name 'db_recno_t'; did you mean 'recno_t'?\n    db_recno_t  x_Value; \n    ^~~~~~~~~~\n    recno_t\n/usr/include/db.h:50:18: note: 'recno_t' declared here\ntypedef uint32_t        recno_t;\n                        ^\nBerkeleyDB.xs:733:5: error: unknown type name 'db_recno_t'; did you mean 'recno_t'?\n    db_recno_t  x_zero;\n    ^~~~~~~~~~\n    recno_t\n/usr/include/db.h:50:18: note: 'recno_t' declared here\ntypedef uint32_t        recno_t;\n                        ^\nBerkeleyDB.xs:873:10: warning: implicit declaration of function 'txn_abort' is invalid in C99 [-Wimplicit-function-declaration]\n                txn_abort(tid->txn);\n                ^\nBerkeleyDB.xs:873:25: error: no member named 'txn' in 'struct (anonymous at BerkeleyDB.xs:388:9)'\n                txn_abort(tid->txn);\n                          ~~~  ^\nBerkeleyDB.xs:945:36: error: too many arguments to function call, expected 1, have 2\n                (db->dbp->close)(db->dbp, 0) ;\n                ~~~~~~~~~~~~~~~~          ^\nfatal error: too many errors emitted, stopping now [-ferror-limit=]\n1 warning and 20 errors generated.\n*** Error code 1\n\nStop.\nmake: stopped in /usr/home/jkeenan/var/tad/testing/perl-5.28.0/.cpanm/work/1529000533.66421/BerkeleyDB-0.55\n-> FAIL Installing BerkeleyDB failed. See /home/jkeenan/var/tad/testing/perl-5.28.0/.cpanm/work/1529000533.66421/build.log for details. Retry with --force to force install it.\n","dist":"BerkeleyDB","distname":"BerkeleyDB-0.55","via":"App::cpanminus::reporter 0.17 (1.7044)","grade":"FAIL","author":"PMQS"}
